<?xml version="1.0" encoding="UTF-8"?>
<!-- Generated by org.testng.reporters.JUnitReportReporter -->
<testsuite hostname="Shallu-PC" name="Assignments.Mod9TestCase" tests="9" failures="0" timestamp="25 Aug 2019 15:33:39 GMT" time="67.671" errors="0">
  <testcase name="LogIn" time="0.799" classname="Assignments.Mod9TestCase"/>
  <testcase name="LogIn" time="3.324" classname="Assignments.Mod9TestCase"/>
  <testcase name="LogIn" time="3.307" classname="Assignments.Mod9TestCase"/>
  <testcase name="LogIn" time="3.352" classname="Assignments.Mod9TestCase"/>
  <testcase name="ExploreBlogs" time="45.661" classname="Assignments.Mod9TestCase"/>
  <testcase name="LogIn" time="3.332" classname="Assignments.Mod9TestCase"/>
  <testcase name="LogIn" time="3.327" classname="Assignments.Mod9TestCase"/>
  <testcase name="Click" time="1.212" classname="Assignments.Mod9TestCase"/>
  <testcase name="LogIn" time="3.357" classname="Assignments.Mod9TestCase"/>
</testsuite> <!-- Assignments.Mod9TestCase -->
