<?xml version="1.0" encoding="UTF-8"?>
<!-- Generated by org.testng.reporters.JUnitReportReporter -->
<testsuite hostname="Shallu-PC" name="PractiseSelenium.TestCaseFormPage" tests="10" failures="0" timestamp="25 Aug 2019 11:07:47 GMT" time="53.590" errors="0">
  <testcase name="FormFill" time="5.327" classname="PractiseSelenium.TestCaseFormPage"/>
  <testcase name="FormFill" time="5.410" classname="PractiseSelenium.TestCaseFormPage"/>
  <testcase name="FormFill" time="5.376" classname="PractiseSelenium.TestCaseFormPage"/>
  <testcase name="FormFill" time="5.327" classname="PractiseSelenium.TestCaseFormPage"/>
  <testcase name="FormFill" time="5.514" classname="PractiseSelenium.TestCaseFormPage"/>
  <testcase name="FormFill" time="5.324" classname="PractiseSelenium.TestCaseFormPage"/>
  <testcase name="FormFill" time="5.314" classname="PractiseSelenium.TestCaseFormPage"/>
  <testcase name="FormFill" time="5.339" classname="PractiseSelenium.TestCaseFormPage"/>
  <testcase name="FormFill" time="5.337" classname="PractiseSelenium.TestCaseFormPage"/>
  <testcase name="FormFill" time="5.322" classname="PractiseSelenium.TestCaseFormPage"/>
</testsuite> <!-- PractiseSelenium.TestCaseFormPage -->
